<?xml version="1.0" encoding="UTF-8"?>
<testsuite xmlns:xsi="http://www.w3.org/2001/XMLSchema-instance" xsi:noNamespaceSchemaLocation="https://maven.apache.org/surefire/maven-surefire-plugin/xsd/surefire-test-report-3.0.xsd" version="3.0" name="pl.kurs.weatherapp.services.WeatherApiServiceTest" time="2.47" tests="2" errors="0" skipped="0" failures="0">
  <properties>
[...]
</properties>
  <testcase name="shouldReturnCorrectTemp" classname="pl.kurs.weatherapp.services.WeatherApiServiceTest" time="2.025"/>
  <testcase name="shouldThrowInvalidDataExceptionWhenCityIsNull" classname="pl.kurs.weatherapp.services.WeatherApiServiceTest" time="0.336"/>
</testsuite>